----------------------------------------------------------------
Sat Oct 02 18:55:25 CLST 2021:
Booting Derby version The Apache Software Foundation - Apache Derby - 10.14.2.0 - (1828579): instance a816c00e-017c-4301-36cc-000005433718 
on database directory memory:C:\Users\matias\Documents\NetBeansProjects\PDAProject\ProjectPD\4146a960-5c13-4c68-a749-0a1ed74683e2 with class loader jdk.internal.loader.ClassLoaders$AppClassLoader@6e5e91e4 
Loaded from file:/C:/Users/matias/.m2/repository/org/apache/derby/derby/10.14.2.0/derby-10.14.2.0.jar
java.vendor=Oracle Corporation
java.runtime.version=11.0.2+9-LTS
user.dir=C:\Users\matias\Documents\NetBeansProjects\PDAProject\ProjectPD
os.name=Windows 10
os.arch=amd64
os.version=10.0
derby.system.home=null
Database Class Loader started - derby.database.classpath=''
----------------------------------------------------------------
Sat Oct 02 18:57:57 CLST 2021:
Shutting down instance a816c00e-017c-4301-36cc-000005433718 on database directory memory:C:\Users\matias\Documents\NetBeansProjects\PDAProject\ProjectPD\4146a960-5c13-4c68-a749-0a1ed74683e2 with class loader jdk.internal.loader.ClassLoaders$AppClassLoader@6e5e91e4 
----------------------------------------------------------------
Sat Oct 02 18:57:58 CLST 2021:
Booting Derby version The Apache Software Foundation - Apache Derby - 10.14.2.0 - (1828579): instance 176240b2-017c-4301-36cc-000005433718 
on database directory memory:C:\Users\matias\Documents\NetBeansProjects\PDAProject\ProjectPD\5a6c1216-3209-40a5-a8a7-ddcb68869d38 with class loader jdk.internal.loader.ClassLoaders$AppClassLoader@6e5e91e4 
Loaded from file:/C:/Users/matias/.m2/repository/org/apache/derby/derby/10.14.2.0/derby-10.14.2.0.jar
java.vendor=Oracle Corporation
java.runtime.version=11.0.2+9-LTS
user.dir=C:\Users\matias\Documents\NetBeansProjects\PDAProject\ProjectPD
os.name=Windows 10
os.arch=amd64
os.version=10.0
derby.system.home=null
Database Class Loader started - derby.database.classpath=''
----------------------------------------------------------------
Sat Oct 02 19:02:43 CLST 2021:
Shutting down instance 176240b2-017c-4301-36cc-000005433718 on database directory memory:C:\Users\matias\Documents\NetBeansProjects\PDAProject\ProjectPD\5a6c1216-3209-40a5-a8a7-ddcb68869d38 with class loader jdk.internal.loader.ClassLoaders$AppClassLoader@6e5e91e4 
----------------------------------------------------------------
Sat Oct 02 19:02:44 CLST 2021:
Booting Derby version The Apache Software Foundation - Apache Derby - 10.14.2.0 - (1828579): instance a0f1c156-017c-4301-36cc-000005433718 
on database directory memory:C:\Users\matias\Documents\NetBeansProjects\PDAProject\ProjectPD\a9157493-6db5-4847-9ef1-e69c3af44253 with class loader jdk.internal.loader.ClassLoaders$AppClassLoader@6e5e91e4 
Loaded from file:/C:/Users/matias/.m2/repository/org/apache/derby/derby/10.14.2.0/derby-10.14.2.0.jar
java.vendor=Oracle Corporation
java.runtime.version=11.0.2+9-LTS
user.dir=C:\Users\matias\Documents\NetBeansProjects\PDAProject\ProjectPD
os.name=Windows 10
os.arch=amd64
os.version=10.0
derby.system.home=null
Database Class Loader started - derby.database.classpath=''
----------------------------------------------------------------
Sat Oct 02 19:03:03 CLST 2021:
Shutting down instance a0f1c156-017c-4301-36cc-000005433718 on database directory memory:C:\Users\matias\Documents\NetBeansProjects\PDAProject\ProjectPD\a9157493-6db5-4847-9ef1-e69c3af44253 with class loader jdk.internal.loader.ClassLoaders$AppClassLoader@6e5e91e4 
----------------------------------------------------------------
Sat Oct 02 19:03:04 CLST 2021:
Booting Derby version The Apache Software Foundation - Apache Derby - 10.14.2.0 - (1828579): instance 44c541fa-017c-4301-36cc-000005433718 
on database directory memory:C:\Users\matias\Documents\NetBeansProjects\PDAProject\ProjectPD\62a6324e-c229-455d-910b-f18b33b29ab7 with class loader jdk.internal.loader.ClassLoaders$AppClassLoader@6e5e91e4 
Loaded from file:/C:/Users/matias/.m2/repository/org/apache/derby/derby/10.14.2.0/derby-10.14.2.0.jar
java.vendor=Oracle Corporation
java.runtime.version=11.0.2+9-LTS
user.dir=C:\Users\matias\Documents\NetBeansProjects\PDAProject\ProjectPD
os.name=Windows 10
os.arch=amd64
os.version=10.0
derby.system.home=null
Database Class Loader started - derby.database.classpath=''
----------------------------------------------------------------
Sat Oct 02 19:05:19 CLST 2021:
Shutting down instance 44c541fa-017c-4301-36cc-000005433718 on database directory memory:C:\Users\matias\Documents\NetBeansProjects\PDAProject\ProjectPD\62a6324e-c229-455d-910b-f18b33b29ab7 with class loader jdk.internal.loader.ClassLoaders$AppClassLoader@6e5e91e4 
----------------------------------------------------------------
Sat Oct 02 19:05:19 CLST 2021:
Booting Derby version The Apache Software Foundation - Apache Derby - 10.14.2.0 - (1828579): instance 02dcc29e-017c-4301-36cc-000005433718 
on database directory memory:C:\Users\matias\Documents\NetBeansProjects\PDAProject\ProjectPD\44267261-4cec-425e-b37a-992574ad6da2 with class loader jdk.internal.loader.ClassLoaders$AppClassLoader@6e5e91e4 
Loaded from file:/C:/Users/matias/.m2/repository/org/apache/derby/derby/10.14.2.0/derby-10.14.2.0.jar
java.vendor=Oracle Corporation
java.runtime.version=11.0.2+9-LTS
user.dir=C:\Users\matias\Documents\NetBeansProjects\PDAProject\ProjectPD
os.name=Windows 10
os.arch=amd64
os.version=10.0
derby.system.home=null
Database Class Loader started - derby.database.classpath=''
----------------------------------------------------------------
Sat Oct 02 19:05:20 CLST 2021:
Shutting down instance 02dcc29e-017c-4301-36cc-000005433718 on database directory memory:C:\Users\matias\Documents\NetBeansProjects\PDAProject\ProjectPD\44267261-4cec-425e-b37a-992574ad6da2 with class loader jdk.internal.loader.ClassLoaders$AppClassLoader@6e5e91e4 
----------------------------------------------------------------
Sat Oct 02 19:05:20 CLST 2021:
Booting Derby version The Apache Software Foundation - Apache Derby - 10.14.2.0 - (1828579): instance db384342-017c-4301-36cc-000005433718 
on database directory memory:C:\Users\matias\Documents\NetBeansProjects\PDAProject\ProjectPD\44267261-4cec-425e-b37a-992574ad6da2 with class loader jdk.internal.loader.ClassLoaders$AppClassLoader@6e5e91e4 
Loaded from file:/C:/Users/matias/.m2/repository/org/apache/derby/derby/10.14.2.0/derby-10.14.2.0.jar
java.vendor=Oracle Corporation
java.runtime.version=11.0.2+9-LTS
user.dir=C:\Users\matias\Documents\NetBeansProjects\PDAProject\ProjectPD
os.name=Windows 10
os.arch=amd64
os.version=10.0
derby.system.home=null
Database Class Loader started - derby.database.classpath=''
----------------------------------------------------------------
Sat Oct 02 19:07:18 CLST 2021:
Booting Derby version The Apache Software Foundation - Apache Derby - 10.14.2.0 - (1828579): instance f408c343-017c-4301-36cc-000005433718 
on database directory memory:C:\Users\matias\Documents\NetBeansProjects\PDAProject\ProjectPD\5c1d0521-2f3a-4e49-8a8c-6807ef24e39f with class loader jdk.internal.loader.ClassLoaders$AppClassLoader@6e5e91e4 
Loaded from file:/C:/Users/matias/.m2/repository/org/apache/derby/derby/10.14.2.0/derby-10.14.2.0.jar
java.vendor=Oracle Corporation
java.runtime.version=11.0.2+9-LTS
user.dir=C:\Users\matias\Documents\NetBeansProjects\PDAProject\ProjectPD
os.name=Windows 10
os.arch=amd64
os.version=10.0
derby.system.home=null
Database Class Loader started - derby.database.classpath=''
----------------------------------------------------------------
Sat Oct 02 19:07:18 CLST 2021:
Shutting down instance f408c343-017c-4301-36cc-000005433718 on database directory memory:C:\Users\matias\Documents\NetBeansProjects\PDAProject\ProjectPD\5c1d0521-2f3a-4e49-8a8c-6807ef24e39f with class loader jdk.internal.loader.ClassLoaders$AppClassLoader@6e5e91e4 
----------------------------------------------------------------
Sat Oct 02 19:07:19 CLST 2021:
Booting Derby version The Apache Software Foundation - Apache Derby - 10.14.2.0 - (1828579): instance c6d143e7-017c-4301-36cc-000005433718 
on database directory memory:C:\Users\matias\Documents\NetBeansProjects\PDAProject\ProjectPD\5c1d0521-2f3a-4e49-8a8c-6807ef24e39f with class loader jdk.internal.loader.ClassLoaders$AppClassLoader@6e5e91e4 
Loaded from file:/C:/Users/matias/.m2/repository/org/apache/derby/derby/10.14.2.0/derby-10.14.2.0.jar
java.vendor=Oracle Corporation
java.runtime.version=11.0.2+9-LTS
user.dir=C:\Users\matias\Documents\NetBeansProjects\PDAProject\ProjectPD
os.name=Windows 10
os.arch=amd64
os.version=10.0
derby.system.home=null
Database Class Loader started - derby.database.classpath=''
----------------------------------------------------------------
Sat Oct 02 19:07:38 CLST 2021:
Booting Derby version The Apache Software Foundation - Apache Derby - 10.14.2.0 - (1828579): instance 1fcb03e8-017c-4301-36cc-000005433718 
on database directory memory:C:\Users\matias\Documents\NetBeansProjects\PDAProject\ProjectPD\47b47dde-7ce8-4c51-985c-6817f1749d5a with class loader jdk.internal.loader.ClassLoaders$AppClassLoader@6e5e91e4 
Loaded from file:/C:/Users/matias/.m2/repository/org/apache/derby/derby/10.14.2.0/derby-10.14.2.0.jar
java.vendor=Oracle Corporation
java.runtime.version=11.0.2+9-LTS
user.dir=C:\Users\matias\Documents\NetBeansProjects\PDAProject\ProjectPD
os.name=Windows 10
os.arch=amd64
os.version=10.0
derby.system.home=null
Database Class Loader started - derby.database.classpath=''
----------------------------------------------------------------
Sat Oct 02 19:08:23 CLST 2021:
Shutting down instance 1fcb03e8-017c-4301-36cc-000005433718 on database directory memory:C:\Users\matias\Documents\NetBeansProjects\PDAProject\ProjectPD\47b47dde-7ce8-4c51-985c-6817f1749d5a with class loader jdk.internal.loader.ClassLoaders$AppClassLoader@6e5e91e4 
----------------------------------------------------------------
Sat Oct 02 19:08:24 CLST 2021:
Booting Derby version The Apache Software Foundation - Apache Derby - 10.14.2.0 - (1828579): instance 2d00848c-017c-4301-36cc-000005433718 
on database directory memory:C:\Users\matias\Documents\NetBeansProjects\PDAProject\ProjectPD\4d498d23-0540-4ecb-ae45-cb4490f32b90 with class loader jdk.internal.loader.ClassLoaders$AppClassLoader@6e5e91e4 
Loaded from file:/C:/Users/matias/.m2/repository/org/apache/derby/derby/10.14.2.0/derby-10.14.2.0.jar
java.vendor=Oracle Corporation
java.runtime.version=11.0.2+9-LTS
user.dir=C:\Users\matias\Documents\NetBeansProjects\PDAProject\ProjectPD
os.name=Windows 10
os.arch=amd64
os.version=10.0
derby.system.home=null
Database Class Loader started - derby.database.classpath=''
----------------------------------------------------------------
Sat Oct 02 19:08:46 CLST 2021:
Shutting down instance 2d00848c-017c-4301-36cc-000005433718 on database directory memory:C:\Users\matias\Documents\NetBeansProjects\PDAProject\ProjectPD\4d498d23-0540-4ecb-ae45-cb4490f32b90 with class loader jdk.internal.loader.ClassLoaders$AppClassLoader@6e5e91e4 
----------------------------------------------------------------
Sat Oct 02 19:08:47 CLST 2021:
Booting Derby version The Apache Software Foundation - Apache Derby - 10.14.2.0 - (1828579): instance 547a0530-017c-4301-36cc-000005433718 
on database directory memory:C:\Users\matias\Documents\NetBeansProjects\PDAProject\ProjectPD\3b8962ff-794f-436d-9a4d-f3414beacd63 with class loader jdk.internal.loader.ClassLoaders$AppClassLoader@6e5e91e4 
Loaded from file:/C:/Users/matias/.m2/repository/org/apache/derby/derby/10.14.2.0/derby-10.14.2.0.jar
java.vendor=Oracle Corporation
java.runtime.version=11.0.2+9-LTS
user.dir=C:\Users\matias\Documents\NetBeansProjects\PDAProject\ProjectPD
os.name=Windows 10
os.arch=amd64
os.version=10.0
derby.system.home=null
Database Class Loader started - derby.database.classpath=''
----------------------------------------------------------------
Sat Oct 02 19:09:15 CLST 2021:
Shutting down instance 547a0530-017c-4301-36cc-000005433718 on database directory memory:C:\Users\matias\Documents\NetBeansProjects\PDAProject\ProjectPD\3b8962ff-794f-436d-9a4d-f3414beacd63 with class loader jdk.internal.loader.ClassLoaders$AppClassLoader@6e5e91e4 
----------------------------------------------------------------
Sat Oct 02 19:09:16 CLST 2021:
Booting Derby version The Apache Software Foundation - Apache Derby - 10.14.2.0 - (1828579): instance 963785d4-017c-4301-36cc-000005433718 
on database directory memory:C:\Users\matias\Documents\NetBeansProjects\PDAProject\ProjectPD\8d0573d9-103b-4cba-bdd7-1a190b908c7d with class loader jdk.internal.loader.ClassLoaders$AppClassLoader@6e5e91e4 
Loaded from file:/C:/Users/matias/.m2/repository/org/apache/derby/derby/10.14.2.0/derby-10.14.2.0.jar
java.vendor=Oracle Corporation
java.runtime.version=11.0.2+9-LTS
user.dir=C:\Users\matias\Documents\NetBeansProjects\PDAProject\ProjectPD
os.name=Windows 10
os.arch=amd64
os.version=10.0
derby.system.home=null
Database Class Loader started - derby.database.classpath=''
----------------------------------------------------------------
Sat Oct 02 19:10:21 CLST 2021:
Shutting down instance 963785d4-017c-4301-36cc-000005433718 on database directory memory:C:\Users\matias\Documents\NetBeansProjects\PDAProject\ProjectPD\8d0573d9-103b-4cba-bdd7-1a190b908c7d with class loader jdk.internal.loader.ClassLoaders$AppClassLoader@6e5e91e4 
----------------------------------------------------------------
Sat Oct 02 19:10:22 CLST 2021:
Booting Derby version The Apache Software Foundation - Apache Derby - 10.14.2.0 - (1828579): instance f2390678-017c-4301-36cc-000005433718 
on database directory memory:C:\Users\matias\Documents\NetBeansProjects\PDAProject\ProjectPD\1a34ba1c-b064-422b-8f60-b01b07b88e9b with class loader jdk.internal.loader.ClassLoaders$AppClassLoader@6e5e91e4 
Loaded from file:/C:/Users/matias/.m2/repository/org/apache/derby/derby/10.14.2.0/derby-10.14.2.0.jar
java.vendor=Oracle Corporation
java.runtime.version=11.0.2+9-LTS
user.dir=C:\Users\matias\Documents\NetBeansProjects\PDAProject\ProjectPD
os.name=Windows 10
os.arch=amd64
os.version=10.0
derby.system.home=null
Database Class Loader started - derby.database.classpath=''
----------------------------------------------------------------
Sat Oct 02 19:10:41 CLST 2021:
Shutting down instance f2390678-017c-4301-36cc-000005433718 on database directory memory:C:\Users\matias\Documents\NetBeansProjects\PDAProject\ProjectPD\1a34ba1c-b064-422b-8f60-b01b07b88e9b with class loader jdk.internal.loader.ClassLoaders$AppClassLoader@6e5e91e4 
----------------------------------------------------------------
Sat Oct 02 19:10:42 CLST 2021:
Booting Derby version The Apache Software Foundation - Apache Derby - 10.14.2.0 - (1828579): instance 687e871c-017c-4301-36cc-000005433718 
on database directory memory:C:\Users\matias\Documents\NetBeansProjects\PDAProject\ProjectPD\8d0d2240-c6fe-498c-9c6d-cab653ac092b with class loader jdk.internal.loader.ClassLoaders$AppClassLoader@6e5e91e4 
Loaded from file:/C:/Users/matias/.m2/repository/org/apache/derby/derby/10.14.2.0/derby-10.14.2.0.jar
java.vendor=Oracle Corporation
java.runtime.version=11.0.2+9-LTS
user.dir=C:\Users\matias\Documents\NetBeansProjects\PDAProject\ProjectPD
os.name=Windows 10
os.arch=amd64
os.version=10.0
derby.system.home=null
Database Class Loader started - derby.database.classpath=''
----------------------------------------------------------------
Sat Oct 02 19:11:00 CLST 2021:
Shutting down instance 687e871c-017c-4301-36cc-000005433718 on database directory memory:C:\Users\matias\Documents\NetBeansProjects\PDAProject\ProjectPD\8d0d2240-c6fe-498c-9c6d-cab653ac092b with class loader jdk.internal.loader.ClassLoaders$AppClassLoader@6e5e91e4 
----------------------------------------------------------------
Sat Oct 02 19:11:01 CLST 2021:
Booting Derby version The Apache Software Foundation - Apache Derby - 10.14.2.0 - (1828579): instance f90807c0-017c-4301-36cc-000005433718 
on database directory memory:C:\Users\matias\Documents\NetBeansProjects\PDAProject\ProjectPD\4a14fc3a-3b6e-4480-8512-139edcf23d91 with class loader jdk.internal.loader.ClassLoaders$AppClassLoader@6e5e91e4 
Loaded from file:/C:/Users/matias/.m2/repository/org/apache/derby/derby/10.14.2.0/derby-10.14.2.0.jar
java.vendor=Oracle Corporation
java.runtime.version=11.0.2+9-LTS
user.dir=C:\Users\matias\Documents\NetBeansProjects\PDAProject\ProjectPD
os.name=Windows 10
os.arch=amd64
os.version=10.0
derby.system.home=null
Database Class Loader started - derby.database.classpath=''
